2011-06-07 17:59:03 Notice: Notice (1024): Please change the value of 'Security.salt' in app/config/core.php to a salt value specific to your application in [/Users/Greg/Sites/test/asset_management/cake/libs/debugger.php, line 684]
2011-06-07 17:59:03 Notice: Notice (1024): Please change the value of 'Security.cipherSeed' in app/config/core.php to a numeric (digits only) seed value specific to your application in [/Users/Greg/Sites/test/asset_management/cake/libs/debugger.php, line 688]
2011-06-07 20:36:13 Notice: Notice (8): Undefined index:  field in [/Users/Greg/Sites/test/asset_management/app/controllers/items_controller.php, line 25]
2011-06-07 20:37:45 Notice: Notice (8): Undefined index:  field in [/Users/Greg/Sites/test/asset_management/app/controllers/items_controller.php, line 26]
2011-06-07 20:38:08 Notice: Notice (8): Undefined index:  field in [/Users/Greg/Sites/test/asset_management/app/controllers/items_controller.php, line 25]
2011-06-08 11:15:19 Notice: Notice (8): Undefined property: View::$Session in [/Users/Greg/Sites/test/asset_management/cake/libs/view/layouts/default.ctp, line 43]
2011-06-08 11:16:41 Notice: Notice (8): Undefined property: View::$Html in [/Users/Greg/Sites/test/asset_management/cake/libs/view/layouts/default.ctp, line 23]
2011-06-08 11:21:57 Notice: Notice (8): Undefined variable: javascript in [/Users/Greg/Sites/test/asset_management/app/views/items/add.ctp, line 1]
2011-06-08 11:24:08 Notice: Notice (8): Undefined property: View::$Session in [/Users/Greg/Sites/test/asset_management/cake/libs/view/layouts/default.ctp, line 43]
2011-06-08 11:31:24 Notice: Notice (8): Undefined variable: javascript in [/Users/Greg/Sites/test/asset_management/app/views/items/add.ctp, line 1]
2011-06-08 17:07:23 Notice: Notice (8): Undefined property: ItemsController::$Template in [/Users/Greg/Sites/test/asset_management/app/controllers/items_controller.php, line 11]
2011-06-08 17:09:05 Notice: Notice (8): Undefined property: ItemsController::$Template in [/Users/Greg/Sites/test/asset_management/app/controllers/items_controller.php, line 12]
2011-06-08 17:09:18 Notice: Notice (8): Undefined property: ItemsController::$Template in [/Users/Greg/Sites/test/asset_management/app/controllers/items_controller.php, line 12]
2011-06-08 17:27:03 Notice: Notice (8): Undefined offset:  1 in [/Users/Greg/Sites/test/asset_management/app/controllers/items_controller.php, line 43]
2011-06-08 17:28:29 Notice: Notice (8): Undefined offset:  1 in [/Users/Greg/Sites/test/asset_management/app/controllers/items_controller.php, line 44]
2011-06-08 17:29:50 Notice: Notice (8): Undefined offset:  1 in [/Users/Greg/Sites/test/asset_management/app/controllers/items_controller.php, line 44]
2011-06-08 17:30:10 Notice: Notice (8): Undefined offset:  1 in [/Users/Greg/Sites/test/asset_management/app/controllers/items_controller.php, line 44]
2011-06-08 17:32:00 Notice: Notice (8): Undefined offset:  1 in [/Users/Greg/Sites/test/asset_management/app/controllers/items_controller.php, line 45]
2011-06-09 09:28:38 Notice: Notice (8): Undefined variable: name in [/Users/Greg/Sites/test/asset_management/app/views/items/add.ctp, line 5]
2011-06-09 09:28:38 Notice: Notice (8): Undefined variable: fieldkey in [/Users/Greg/Sites/test/asset_management/app/views/items/add.ctp, line 7]
2011-06-09 09:28:41 Notice: Notice (8): Undefined variable: name in [/Users/Greg/Sites/test/asset_management/app/views/items/add.ctp, line 5]
2011-06-09 09:28:41 Notice: Notice (8): Undefined variable: fieldkey in [/Users/Greg/Sites/test/asset_management/app/views/items/add.ctp, line 7]
