2011-06-17 10:31:54 Warning: Warning (512): C:\Documents and Settings\Administrator\asset_management\app\tmp\cache\ is not writable in [C:\Documents and Settings\Administrator\asset_management\cake\libs\cache\file.php, line 267]
2011-06-17 10:31:54 Warning: Warning (512): \persistent\ is not writable in [C:\Documents and Settings\Administrator\asset_management\cake\libs\cache\file.php, line 267]
2011-06-17 10:31:54 Warning: Warning (512): \models\ is not writable in [C:\Documents and Settings\Administrator\asset_management\cake\libs\cache\file.php, line 267]
2011-06-17 10:31:54 Warning: Warning (2): mysql_connect() [<a href='http://php.net/function.mysql-connect'>function.mysql-connect</a>]: Access denied for user 'greg'@'localhost' (using password: YES) in [C:\Documents and Settings\Administrator\asset_management\cake\libs\model\datasources\dbo\dbo_mysql.php, line 561]
2011-06-17 10:31:54 Warning: Warning (2): mysql_select_db() expects parameter 2 to be resource, boolean given in [C:\Documents and Settings\Administrator\asset_management\cake\libs\model\datasources\dbo\dbo_mysql.php, line 567]
2011-06-17 10:31:54 Warning: Warning (2): mysql_get_server_info() expects parameter 1 to be resource, boolean given in [C:\Documents and Settings\Administrator\asset_management\cake\libs\model\datasources\dbo\dbo_mysql.php, line 575]
2011-06-17 10:31:54 Warning: Warning (2): mysql_query() expects parameter 2 to be resource, boolean given in [C:\Documents and Settings\Administrator\asset_management\cake\libs\model\datasources\dbo\dbo_mysql.php, line 609]
2011-06-17 10:31:54 Warning: Warning (2): Cannot modify header information - headers already sent by (output started at C:\Documents and Settings\Administrator\asset_management\cake\libs\debugger.php:673) in [C:\Documents and Settings\Administrator\asset_management\cake\libs\controller\controller.php, line 742]
2011-06-17 10:31:54 Warning: Warning (2): mysql_errno() expects parameter 1 to be resource, boolean given in [C:\Documents and Settings\Administrator\asset_management\cake\libs\model\datasources\dbo\dbo_mysql.php, line 691]
2011-06-17 10:31:54 Warning: Warning (2): Invalid argument supplied for foreach() in [C:\Documents and Settings\Administrator\asset_management\cake\libs\model\datasources\dbo\dbo_mysql.php, line 127]
2011-06-17 10:31:54 Warning: Warning (2): Invalid argument supplied for foreach() in [C:\Documents and Settings\Administrator\asset_management\cake\libs\view\helpers\form.php, line 114]
2011-06-17 10:33:47 Warning: Warning (512): C:\Documents and Settings\Administrator\asset_management\app\tmp\cache\ is not writable in [C:\Documents and Settings\Administrator\asset_management\cake\libs\cache\file.php, line 267]
2011-06-17 10:33:47 Warning: Warning (512): \persistent\ is not writable in [C:\Documents and Settings\Administrator\asset_management\cake\libs\cache\file.php, line 267]
2011-06-17 10:33:47 Warning: Warning (512): \models\ is not writable in [C:\Documents and Settings\Administrator\asset_management\cake\libs\cache\file.php, line 267]
2011-06-17 10:33:47 Warning: Warning (2): mysql_connect() [<a href='http://php.net/function.mysql-connect'>function.mysql-connect</a>]: Access denied for user 'root'@'localhost' (using password: YES) in [C:\Documents and Settings\Administrator\asset_management\cake\libs\model\datasources\dbo\dbo_mysql.php, line 561]
2011-06-17 10:33:47 Warning: Warning (2): mysql_select_db() expects parameter 2 to be resource, boolean given in [C:\Documents and Settings\Administrator\asset_management\cake\libs\model\datasources\dbo\dbo_mysql.php, line 567]
2011-06-17 10:33:47 Warning: Warning (2): mysql_get_server_info() expects parameter 1 to be resource, boolean given in [C:\Documents and Settings\Administrator\asset_management\cake\libs\model\datasources\dbo\dbo_mysql.php, line 575]
2011-06-17 10:33:47 Warning: Warning (2): mysql_query() expects parameter 2 to be resource, boolean given in [C:\Documents and Settings\Administrator\asset_management\cake\libs\model\datasources\dbo\dbo_mysql.php, line 609]
2011-06-17 10:33:47 Warning: Warning (2): Cannot modify header information - headers already sent by (output started at C:\Documents and Settings\Administrator\asset_management\cake\libs\debugger.php:673) in [C:\Documents and Settings\Administrator\asset_management\cake\libs\controller\controller.php, line 742]
2011-06-17 10:33:47 Warning: Warning (2): mysql_errno() expects parameter 1 to be resource, boolean given in [C:\Documents and Settings\Administrator\asset_management\cake\libs\model\datasources\dbo\dbo_mysql.php, line 691]
2011-06-17 10:33:47 Warning: Warning (2): Invalid argument supplied for foreach() in [C:\Documents and Settings\Administrator\asset_management\cake\libs\model\datasources\dbo\dbo_mysql.php, line 127]
2011-06-17 10:33:47 Warning: Warning (2): Invalid argument supplied for foreach() in [C:\Documents and Settings\Administrator\asset_management\cake\libs\view\helpers\form.php, line 114]
2011-06-17 10:33:49 Warning: Warning (512): C:\Documents and Settings\Administrator\asset_management\app\tmp\cache\ is not writable in [C:\Documents and Settings\Administrator\asset_management\cake\libs\cache\file.php, line 267]
2011-06-17 10:33:49 Warning: Warning (512): \persistent\ is not writable in [C:\Documents and Settings\Administrator\asset_management\cake\libs\cache\file.php, line 267]
2011-06-17 10:33:49 Warning: Warning (512): \models\ is not writable in [C:\Documents and Settings\Administrator\asset_management\cake\libs\cache\file.php, line 267]
2011-06-17 10:33:49 Warning: Warning (2): mysql_connect() [<a href='http://php.net/function.mysql-connect'>function.mysql-connect</a>]: Access denied for user 'root'@'localhost' (using password: YES) in [C:\Documents and Settings\Administrator\asset_management\cake\libs\model\datasources\dbo\dbo_mysql.php, line 561]
2011-06-17 10:33:49 Warning: Warning (2): mysql_select_db() expects parameter 2 to be resource, boolean given in [C:\Documents and Settings\Administrator\asset_management\cake\libs\model\datasources\dbo\dbo_mysql.php, line 567]
2011-06-17 10:33:49 Warning: Warning (2): mysql_get_server_info() expects parameter 1 to be resource, boolean given in [C:\Documents and Settings\Administrator\asset_management\cake\libs\model\datasources\dbo\dbo_mysql.php, line 575]
2011-06-17 10:33:49 Warning: Warning (2): mysql_query() expects parameter 2 to be resource, boolean given in [C:\Documents and Settings\Administrator\asset_management\cake\libs\model\datasources\dbo\dbo_mysql.php, line 609]
2011-06-17 10:33:49 Warning: Warning (2): Cannot modify header information - headers already sent by (output started at C:\Documents and Settings\Administrator\asset_management\cake\libs\debugger.php:673) in [C:\Documents and Settings\Administrator\asset_management\cake\libs\controller\controller.php, line 742]
2011-06-17 10:33:49 Warning: Warning (2): mysql_errno() expects parameter 1 to be resource, boolean given in [C:\Documents and Settings\Administrator\asset_management\cake\libs\model\datasources\dbo\dbo_mysql.php, line 691]
2011-06-17 10:33:49 Warning: Warning (2): Invalid argument supplied for foreach() in [C:\Documents and Settings\Administrator\asset_management\cake\libs\model\datasources\dbo\dbo_mysql.php, line 127]
2011-06-17 10:33:49 Warning: Warning (2): Invalid argument supplied for foreach() in [C:\Documents and Settings\Administrator\asset_management\cake\libs\view\helpers\form.php, line 114]
2011-06-17 10:34:39 Warning: Warning (512): C:\Documents and Settings\Administrator\asset_management\app\tmp\cache\ is not writable in [C:\Documents and Settings\Administrator\asset_management\cake\libs\cache\file.php, line 267]
2011-06-17 10:34:39 Warning: Warning (512): \persistent\ is not writable in [C:\Documents and Settings\Administrator\asset_management\cake\libs\cache\file.php, line 267]
2011-06-17 10:34:39 Warning: Warning (512): \models\ is not writable in [C:\Documents and Settings\Administrator\asset_management\cake\libs\cache\file.php, line 267]
2011-06-17 10:35:28 Warning: Warning (512): C:\Documents and Settings\Administrator\asset_management\app\tmp\cache\ is not writable in [C:\Documents and Settings\Administrator\asset_management\cake\libs\cache\file.php, line 267]
2011-06-17 10:35:28 Warning: Warning (512): \persistent\ is not writable in [C:\Documents and Settings\Administrator\asset_management\cake\libs\cache\file.php, line 267]
2011-06-17 10:35:28 Warning: Warning (512): \models\ is not writable in [C:\Documents and Settings\Administrator\asset_management\cake\libs\cache\file.php, line 267]
2011-06-17 10:35:29 Warning: Warning (512): C:\Documents and Settings\Administrator\asset_management\app\tmp\cache\ is not writable in [C:\Documents and Settings\Administrator\asset_management\cake\libs\cache\file.php, line 267]
2011-06-17 10:35:29 Warning: Warning (512): \persistent\ is not writable in [C:\Documents and Settings\Administrator\asset_management\cake\libs\cache\file.php, line 267]
2011-06-17 10:35:29 Warning: Warning (512): \models\ is not writable in [C:\Documents and Settings\Administrator\asset_management\cake\libs\cache\file.php, line 267]
2011-06-17 10:35:29 Warning: Warning (512): C:\Documents and Settings\Administrator\asset_management\app\tmp\cache\ is not writable in [C:\Documents and Settings\Administrator\asset_management\cake\libs\cache\file.php, line 267]
2011-06-17 10:35:29 Warning: Warning (512): \persistent\ is not writable in [C:\Documents and Settings\Administrator\asset_management\cake\libs\cache\file.php, line 267]
2011-06-17 10:35:29 Warning: Warning (512): \models\ is not writable in [C:\Documents and Settings\Administrator\asset_management\cake\libs\cache\file.php, line 267]
2011-06-17 10:35:30 Warning: Warning (512): C:\Documents and Settings\Administrator\asset_management\app\tmp\cache\ is not writable in [C:\Documents and Settings\Administrator\asset_management\cake\libs\cache\file.php, line 267]
2011-06-17 10:35:30 Warning: Warning (512): \persistent\ is not writable in [C:\Documents and Settings\Administrator\asset_management\cake\libs\cache\file.php, line 267]
2011-06-17 10:35:30 Warning: Warning (512): \models\ is not writable in [C:\Documents and Settings\Administrator\asset_management\cake\libs\cache\file.php, line 267]
2011-06-17 10:37:44 Warning: Warning (512): C:\Documents and Settings\Administrator\asset_management\app\tmp\cache\persistent\ is not writable in [C:\Documents and Settings\Administrator\asset_management\cake\libs\cache\file.php, line 267]
2011-06-17 10:37:44 Warning: Warning (512): C:\Documents and Settings\Administrator\asset_management\app\tmp\cache\models\ is not writable in [C:\Documents and Settings\Administrator\asset_management\cake\libs\cache\file.php, line 267]
2011-06-17 10:38:12 Warning: Warning (512): C:\Documents and Settings\Administrator\asset_management\app\tmp\cache\models\ is not writable in [C:\Documents and Settings\Administrator\asset_management\cake\libs\cache\file.php, line 267]
2011-06-17 10:57:53 Warning: Warning (2): dirname() expects parameter 1 to be string, array given in [C:\Documents and Settings\Administrator\asset_management\cake\libs\file.php, line 99]
2011-06-17 10:57:53 Warning: Warning (2): is_dir() expects parameter 1 to be string, array given in [C:\Documents and Settings\Administrator\asset_management\cake\libs\file.php, line 100]
2011-06-17 10:57:53 Warning: Warning (2): basename() expects parameter 1 to be string, array given in [C:\Documents and Settings\Administrator\asset_management\cake\libs\file.php, line 101]
2011-06-19 06:11:35 Warning: Warning (512): Method FormHelper::labelTag does not exist in [C:\Documents and Settings\Administrator\asset_management\cake\libs\view\helper.php, line 154]
2011-06-19 06:11:35 Warning: Warning (512): Method HtmlHelper::file does not exist in [C:\Documents and Settings\Administrator\asset_management\cake\libs\view\helper.php, line 154]
2011-06-19 07:19:20 Warning: Warning (2): preg_match() expects parameter 2 to be string, array given in [C:\Documents and Settings\Administrator\asset_management\cake\libs\validation.php, line 946]
2011-06-19 09:25:02 Warning: Warning (2): Invalid argument supplied for foreach() in [C:\Documents and Settings\Administrator\asset_management\app\controllers\items_controller.php, line 36]
2011-06-19 09:26:26 Warning: Warning (2): Invalid argument supplied for foreach() in [C:\Documents and Settings\Administrator\asset_management\app\controllers\items_controller.php, line 37]
2011-06-19 09:26:27 Warning: Warning (2): Invalid argument supplied for foreach() in [C:\Documents and Settings\Administrator\asset_management\app\controllers\items_controller.php, line 37]
2011-06-19 09:26:47 Warning: Warning (2): Invalid argument supplied for foreach() in [C:\Documents and Settings\Administrator\asset_management\app\controllers\items_controller.php, line 38]
2011-06-19 19:12:42 Warning: Warning (2): substr() expects parameter 2 to be long, string given in [C:\Documents and Settings\Administrator\asset_management\app\views\items\edit.ctp, line 31]
2011-06-20 05:50:27 Warning: Warning (2): Invalid argument supplied for foreach() in [C:\Documents and Settings\Administrator\asset_management\app\controllers\items_controller.php, line 164]
2011-06-20 06:01:24 Warning: Warning (2): Invalid argument supplied for foreach() in [C:\Documents and Settings\Administrator\asset_management\app\controllers\items_controller.php, line 164]
2011-06-20 06:02:03 Warning: Warning (2): Invalid argument supplied for foreach() in [C:\Documents and Settings\Administrator\asset_management\app\controllers\items_controller.php, line 164]
2011-06-20 06:03:54 Warning: Warning (2): Invalid argument supplied for foreach() in [C:\Documents and Settings\Administrator\asset_management\app\controllers\items_controller.php, line 164]
2011-06-20 06:04:09 Warning: Warning (2): Invalid argument supplied for foreach() in [C:\Documents and Settings\Administrator\asset_management\app\controllers\items_controller.php, line 164]
2011-06-20 06:04:22 Warning: Warning (2): Invalid argument supplied for foreach() in [C:\Documents and Settings\Administrator\asset_management\app\controllers\items_controller.php, line 164]
2011-06-20 06:06:17 Warning: Warning (2): Invalid argument supplied for foreach() in [C:\Documents and Settings\Administrator\asset_management\app\controllers\items_controller.php, line 164]
2011-06-20 06:07:52 Warning: Warning (2): Invalid argument supplied for foreach() in [C:\Documents and Settings\Administrator\asset_management\app\controllers\items_controller.php, line 164]
2011-06-20 06:11:32 Warning: Warning (2): Invalid argument supplied for foreach() in [C:\Documents and Settings\Administrator\asset_management\app\controllers\items_controller.php, line 164]
2011-06-20 06:11:45 Warning: Warning (2): Invalid argument supplied for foreach() in [C:\Documents and Settings\Administrator\asset_management\app\controllers\items_controller.php, line 164]
2011-06-20 06:12:01 Warning: Warning (2): Invalid argument supplied for foreach() in [C:\Documents and Settings\Administrator\asset_management\app\controllers\items_controller.php, line 164]
2011-06-20 06:12:04 Warning: Warning (2): Invalid argument supplied for foreach() in [C:\Documents and Settings\Administrator\asset_management\app\controllers\items_controller.php, line 164]
2011-06-20 06:12:07 Warning: Warning (2): Invalid argument supplied for foreach() in [C:\Documents and Settings\Administrator\asset_management\app\controllers\items_controller.php, line 164]
2011-06-20 06:13:14 Warning: Warning (2): Invalid argument supplied for foreach() in [C:\Documents and Settings\Administrator\asset_management\app\controllers\items_controller.php, line 164]
2011-06-20 06:13:18 Warning: Warning (2): Invalid argument supplied for foreach() in [C:\Documents and Settings\Administrator\asset_management\app\controllers\items_controller.php, line 164]
2011-06-20 06:13:21 Warning: Warning (2): Invalid argument supplied for foreach() in [C:\Documents and Settings\Administrator\asset_management\app\controllers\items_controller.php, line 164]
2011-06-20 06:13:24 Warning: Warning (2): Invalid argument supplied for foreach() in [C:\Documents and Settings\Administrator\asset_management\app\controllers\items_controller.php, line 164]
2011-06-20 06:13:27 Warning: Warning (2): Invalid argument supplied for foreach() in [C:\Documents and Settings\Administrator\asset_management\app\controllers\items_controller.php, line 164]
2011-06-20 06:15:39 Warning: Warning (2): Invalid argument supplied for foreach() in [C:\Documents and Settings\Administrator\asset_management\app\controllers\items_controller.php, line 164]
2011-06-20 06:16:50 Warning: Warning (2): Invalid argument supplied for foreach() in [C:\Documents and Settings\Administrator\asset_management\app\controllers\items_controller.php, line 164]
2011-06-20 06:19:54 Warning: Warning (2): Invalid argument supplied for foreach() in [C:\Documents and Settings\Administrator\asset_management\app\controllers\items_controller.php, line 164]
2011-06-20 06:26:12 Warning: Warning (2): Invalid argument supplied for foreach() in [C:\Documents and Settings\Administrator\asset_management\app\controllers\items_controller.php, line 164]
2011-06-20 06:29:36 Warning: Warning (2): Invalid argument supplied for foreach() in [C:\Documents and Settings\Administrator\asset_management\app\controllers\items_controller.php, line 164]
2011-06-20 06:29:41 Warning: Warning (2): Invalid argument supplied for foreach() in [C:\Documents and Settings\Administrator\asset_management\app\controllers\items_controller.php, line 164]
2011-06-20 06:29:44 Warning: Warning (2): Invalid argument supplied for foreach() in [C:\Documents and Settings\Administrator\asset_management\app\controllers\items_controller.php, line 164]
2011-06-20 06:29:48 Warning: Warning (2): Invalid argument supplied for foreach() in [C:\Documents and Settings\Administrator\asset_management\app\controllers\items_controller.php, line 164]
2011-06-20 06:30:35 Warning: Warning (2): Invalid argument supplied for foreach() in [C:\Documents and Settings\Administrator\asset_management\app\controllers\items_controller.php, line 164]
2011-06-20 06:30:49 Warning: Warning (2): Invalid argument supplied for foreach() in [C:\Documents and Settings\Administrator\asset_management\app\controllers\items_controller.php, line 164]
2011-06-20 06:30:52 Warning: Warning (2): Invalid argument supplied for foreach() in [C:\Documents and Settings\Administrator\asset_management\app\controllers\items_controller.php, line 164]
2011-06-20 06:30:58 Warning: Warning (2): Invalid argument supplied for foreach() in [C:\Documents and Settings\Administrator\asset_management\app\controllers\items_controller.php, line 164]
2011-06-20 06:31:01 Warning: Warning (2): Invalid argument supplied for foreach() in [C:\Documents and Settings\Administrator\asset_management\app\controllers\items_controller.php, line 164]
2011-06-20 06:31:04 Warning: Warning (2): Invalid argument supplied for foreach() in [C:\Documents and Settings\Administrator\asset_management\app\controllers\items_controller.php, line 164]
2011-06-20 06:31:07 Warning: Warning (2): Invalid argument supplied for foreach() in [C:\Documents and Settings\Administrator\asset_management\app\controllers\items_controller.php, line 164]
2011-06-20 06:53:45 Warning: Warning (2): Invalid argument supplied for foreach() in [C:\Documents and Settings\Administrator\asset_management\app\controllers\items_controller.php, line 170]
2011-06-20 06:54:41 Warning: Warning (2): Invalid argument supplied for foreach() in [C:\Documents and Settings\Administrator\asset_management\app\controllers\items_controller.php, line 164]
2011-06-20 06:54:58 Warning: Warning (2): Invalid argument supplied for foreach() in [C:\Documents and Settings\Administrator\asset_management\app\controllers\items_controller.php, line 170]
2011-06-20 06:55:43 Warning: Warning (2): Invalid argument supplied for foreach() in [C:\Documents and Settings\Administrator\asset_management\app\controllers\items_controller.php, line 164]
2011-06-20 06:59:12 Warning: Warning (2): Invalid argument supplied for foreach() in [C:\Documents and Settings\Administrator\asset_management\app\controllers\items_controller.php, line 170]
2011-06-20 06:59:36 Warning: Warning (2): Invalid argument supplied for foreach() in [C:\Documents and Settings\Administrator\asset_management\app\controllers\items_controller.php, line 164]
2011-06-20 07:04:39 Warning: Warning (2): Invalid argument supplied for foreach() in [C:\Documents and Settings\Administrator\asset_management\app\controllers\items_controller.php, line 172]
2011-06-20 07:16:00 Warning: Warning (2): Invalid argument supplied for foreach() in [C:\Documents and Settings\Administrator\asset_management\app\controllers\items_controller.php, line 172]
2011-06-23 06:57:37 Warning: Warning (2): Invalid argument supplied for foreach() in [C:\Documents and Settings\Administrator\asset_management\app\controllers\items_controller.php, line 172]
2011-06-25 05:29:09 Warning: Warning (2): preg_match() expects parameter 2 to be string, array given in [C:\Documents and Settings\Administrator\asset_management\cake\libs\validation.php, line 946]
2011-06-25 05:29:13 Warning: Warning (2): Invalid argument supplied for foreach() in [C:\Documents and Settings\Administrator\asset_management\app\controllers\items_controller.php, line 117]
2011-06-25 05:34:37 Warning: Warning (2): Invalid argument supplied for foreach() in [C:\Documents and Settings\Administrator\asset_management\app\views\items\search.ctp, line 10]
